Дата и время вызова функции: 2024-03-12 06:47:21.772289
Имя функции: hello_world
Аргументы вызова: () и {}
Значение функции: Hello World

Дата и время вызова функции: 2024-03-12 06:47:21.777563
Имя функции: summator
Аргументы вызова: (2, 2) и {}
Значение функции: 4

Дата и время вызова функции: 2024-03-12 06:47:21.780575
Имя функции: div
Аргументы вызова: (6, 2) и {}
Значение функции: 3.0

Дата и время вызова функции: 2024-03-12 06:47:21.784542
Имя функции: summator
Аргументы вызова: (4.3,) и {'b': 2.2}
Значение функции: 6.5

Дата и время вызова функции: 2024-03-12 06:47:21.788907
Имя функции: summator
Аргументы вызова: () и {'a': 0, 'b': 0}
Значение функции: 0

Дата и время вызова функции: 2024-03-12 07:06:51.421053
Имя функции: gen_headers
Аргументы вызова: () и {}
Значение функции: {'Accept': '*/*', 'Connection': 'keep-alive', 'User-Agent': 'Mozilla/5.0 (Windows NT 10.0; WOW64) AppleWebKit/537.36 (KHTML, like Gecko) Chrome/66.0.3359.139 Safari/537.36'}

Дата и время вызова функции: 2024-03-12 07:06:52.701523
Имя функции: gen_headers
Аргументы вызова: () и {}
Значение функции: {'Accept': '*/*', 'Connection': 'keep-alive', 'User-Agent': 'Mozilla/5.0 (Windows NT 6.1; Win64; x64) AppleWebKit/537.36 (KHTML, like Gecko) Chrome/67.0.3396.79 Safari/537.36'}

Дата и время вызова функции: 2024-03-12 07:06:53.886582
Имя функции: gen_headers
Аргументы вызова: () и {}
Значение функции: {'Accept': '*/*', 'Connection': 'keep-alive', 'User-Agent': 'Mozilla/5.0 (Windows NT 10.0; Win64; x64) AppleWebKit/537.36 (KHTML, like Gecko) Chrome/67.0.3396.99 Safari/537.36'}

Дата и время вызова функции: 2024-03-12 07:06:54.639016
Имя функции: gen_headers
Аргументы вызова: () и {}
Значение функции: {'Accept': '*/*', 'Connection': 'keep-alive', 'User-Agent': 'Mozilla/5.0 (Windows NT 6.0) AppleWebKit/537.36 (KHTML, like Gecko) Chrome/69.0.3497.92 Safari/537.36'}

